<?xml version="1.0" encoding="UTF-8"?>
<!-- Generated by org.testng.reporters.JUnitXMLReporter -->
<testsuite ignored="0" hostname="DESKTOP-E9SKAKK" failures="1" tests="7" name="Master Module Test" time="142.36" errors="0" timestamp="2023-05-08T15:55:47 IST">
  <testcase classname="com.BasePackage.TestBase" name="@AfterMethod tearDown" time="0.002">
    <failure type="org.openqa.selenium.WebDriverException" message="disconnected: not connected to DevTools
  (failed to check if window was closed: disconnected: not connected to DevTools)
  (Session info: chrome=112.0.5615.138)
Build info: version: &amp;apos;4.8.1&amp;apos;, revision: &amp;apos;8ebccac989&amp;apos;
System info: os.name: &amp;apos;Windows 10&amp;apos;, os.arch: &amp;apos;amd64&amp;apos;, os.version: &amp;apos;10.0&amp;apos;, java.version: &amp;apos;17.0.6&amp;apos;
Driver info: org.openqa.selenium.chrome.ChromeDriver
Command: [2e50656ceafd4efb91d8f72ead06f0e7, close {}]
Capabilities {acceptInsecureCerts: false, browserName: chrome, browserVersion: 112.0.5615.138, chrome: {chromedriverVersion: 112.0.5615.49 (bd2a7bcb881c..., userDataDir: C:\Users\OWNER\AppData\Loca...}, goog:chromeOptions: {debuggerAddress: localhost:50057}, networkConnectionEnabled: false, pageLoadStrategy: normal, platformName: WINDOWS, proxy: Proxy(), se:cdp: ws://localhost:50057/devtoo..., se:cdpVersion: 112.0.5615.138, setWindowRect: true, strictFileInteractability: false, timeouts: {implicit: 0, pageLoad: 300000, script: 30000}, unhandledPromptBehavior: dismiss and notify, webauthn:extension:credBlob: true, webauthn:extension:largeBlob: true, webauthn:extension:minPinLength: true, webauthn:extension:prf: true, webauthn:virtualAuthenticators: true}
Session ID: 2e50656ceafd4efb91d8f72ead06f0e7">
      <![CDATA[org.openqa.selenium.WebDriverException: disconnected: not connected to DevTools
  (failed to check if window was closed: disconnected: not connected to DevTools)
  (Session info: chrome=112.0.5615.138)
Build info: version: '4.8.1', revision: '8ebccac989'
System info: os.name: 'Windows 10', os.arch: 'amd64', os.version: '10.0', java.version: '17.0.6'
Driver info: org.openqa.selenium.chrome.ChromeDriver
Command: [2e50656ceafd4efb91d8f72ead06f0e7, close {}]
Capabilities {acceptInsecureCerts: false, browserName: chrome, browserVersion: 112.0.5615.138, chrome: {chromedriverVersion: 112.0.5615.49 (bd2a7bcb881c..., userDataDir: C:\Users\OWNER\AppData\Loca...}, goog:chromeOptions: {debuggerAddress: localhost:50057}, networkConnectionEnabled: false, pageLoadStrategy: normal, platformName: WINDOWS, proxy: Proxy(), se:cdp: ws://localhost:50057/devtoo..., se:cdpVersion: 112.0.5615.138, setWindowRect: true, strictFileInteractability: false, timeouts: {implicit: 0, pageLoad: 300000, script: 30000}, unhandledPromptBehavior: dismiss and notify, webauthn:extension:credBlob: true, webauthn:extension:largeBlob: true, webauthn:extension:minPinLength: true, webauthn:extension:prf: true, webauthn:virtualAuthenticators: true}
Session ID: 2e50656ceafd4efb91d8f72ead06f0e7
at org.openqa.selenium.remote.codec.w3c.W3CHttpResponseCodec.createException(W3CHttpResponseCodec.java:200)
at org.openqa.selenium.remote.codec.w3c.W3CHttpResponseCodec.decode(W3CHttpResponseCodec.java:133)
at org.openqa.selenium.remote.codec.w3c.W3CHttpResponseCodec.decode(W3CHttpResponseCodec.java:53)
at org.openqa.selenium.remote.HttpCommandExecutor.execute(HttpCommandExecutor.java:184)
at org.openqa.selenium.remote.service.DriverCommandExecutor.invokeExecute(DriverCommandExecutor.java:167)
at org.openqa.selenium.remote.service.DriverCommandExecutor.execute(DriverCommandExecutor.java:142)
at org.openqa.selenium.remote.RemoteWebDriver.execute(RemoteWebDriver.java:543)
at org.openqa.selenium.remote.RemoteWebDriver.execute(RemoteWebDriver.java:598)
at org.openqa.selenium.remote.RemoteWebDriver.execute(RemoteWebDriver.java:602)
at org.openqa.selenium.remote.RemoteWebDriver.close(RemoteWebDriver.java:419)
at com.BasePackage.TestBase.tearDown(TestBase.java:59)
at java.base/java.util.ArrayList.forEach(ArrayList.java:1511)
... Removed 37 stack frames]]>
    </failure>
  </testcase> <!-- @AfterMethod tearDown -->
  <testcase classname="com.BasePackage.TestBase" name="@BeforeMethod initializeChrome" time="-1.683541547524E9">
    <skipped/>
  </testcase> <!-- @BeforeMethod initializeChrome -->
  <testcase classname="com.BasePackage.TestBase" name="@AfterMethod tearDown" time="-1.683541547528E9">
    <skipped/>
  </testcase> <!-- @AfterMethod tearDown -->
  <testcase classname="com.BasePackage.TestBase" name="@BeforeMethod initializeChrome" time="-1.683541547529E9">
    <skipped/>
  </testcase> <!-- @BeforeMethod initializeChrome -->
  <testcase classname="com.BasePackage.TestBase" name="@AfterMethod tearDown" time="-1.683541547532E9">
    <skipped/>
  </testcase> <!-- @AfterMethod tearDown -->
  <testcase classname="com.BasePackage.TestBase" name="@BeforeMethod initializeChrome" time="-1.683541547533E9">
    <skipped/>
  </testcase> <!-- @BeforeMethod initializeChrome -->
  <testcase classname="com.BasePackage.TestBase" name="@AfterMethod tearDown" time="-1.683541547536E9">
    <skipped/>
  </testcase> <!-- @AfterMethod tearDown -->
  <testcase classname="com.BasePackage.TestBase" name="@BeforeMethod initializeChrome" time="-1.683541547537E9">
    <skipped/>
  </testcase> <!-- @BeforeMethod initializeChrome -->
  <testcase classname="com.BasePackage.TestBase" name="@AfterMethod tearDown" time="-1.683541547539E9">
    <skipped/>
  </testcase> <!-- @AfterMethod tearDown -->
  <testcase classname="com.BasePackage.TestBase" name="@BeforeMethod initializeChrome" time="-1.68354154754E9">
    <skipped/>
  </testcase> <!-- @BeforeMethod initializeChrome -->
  <testcase classname="com.BasePackage.TestBase" name="@AfterMethod tearDown" time="-1.683541547544E9">
    <skipped/>
  </testcase> <!-- @AfterMethod tearDown -->
  <testcase classname="com.BasePackage.TestBase" name="@BeforeMethod initializeChrome" time="-1.683541547545E9">
    <skipped/>
  </testcase> <!-- @BeforeMethod initializeChrome -->
  <testcase classname="com.BasePackage.TestBase" name="@AfterMethod tearDown" time="-1.683541547548E9">
    <skipped/>
  </testcase> <!-- @AfterMethod tearDown -->
  <testcase classname="com.master_module.MasterModuleTestScripts" name="verifyAdminLoginPage" time="139.976">
    <failure type="org.openqa.selenium.NoSuchWindowException" message="no such window: target window already closed
from unknown error: web view not found
  (Session info: chrome=112.0.5615.138)
Build info: version: &amp;apos;4.8.1&amp;apos;, revision: &amp;apos;8ebccac989&amp;apos;
System info: os.name: &amp;apos;Windows 10&amp;apos;, os.arch: &amp;apos;amd64&amp;apos;, os.version: &amp;apos;10.0&amp;apos;, java.version: &amp;apos;17.0.6&amp;apos;
Driver info: org.openqa.selenium.chrome.ChromeDriver
Command: [2e50656ceafd4efb91d8f72ead06f0e7, findElement {using=xpath, value=//strong[text()=&amp;apos;krishna Tranport and Logistics company&amp;apos;]//parent::h3}]
Capabilities {acceptInsecureCerts: false, browserName: chrome, browserVersion: 112.0.5615.138, chrome: {chromedriverVersion: 112.0.5615.49 (bd2a7bcb881c..., userDataDir: C:\Users\OWNER\AppData\Loca...}, goog:chromeOptions: {debuggerAddress: localhost:50057}, networkConnectionEnabled: false, pageLoadStrategy: normal, platformName: WINDOWS, proxy: Proxy(), se:cdp: ws://localhost:50057/devtoo..., se:cdpVersion: 112.0.5615.138, setWindowRect: true, strictFileInteractability: false, timeouts: {implicit: 0, pageLoad: 300000, script: 30000}, unhandledPromptBehavior: dismiss and notify, webauthn:extension:credBlob: true, webauthn:extension:largeBlob: true, webauthn:extension:minPinLength: true, webauthn:extension:prf: true, webauthn:virtualAuthenticators: true}
Session ID: 2e50656ceafd4efb91d8f72ead06f0e7">
      <![CDATA[org.openqa.selenium.NoSuchWindowException: no such window: target window already closed
from unknown error: web view not found
  (Session info: chrome=112.0.5615.138)
Build info: version: '4.8.1', revision: '8ebccac989'
System info: os.name: 'Windows 10', os.arch: 'amd64', os.version: '10.0', java.version: '17.0.6'
Driver info: org.openqa.selenium.chrome.ChromeDriver
Command: [2e50656ceafd4efb91d8f72ead06f0e7, findElement {using=xpath, value=//strong[text()='krishna Tranport and Logistics company']//parent::h3}]
Capabilities {acceptInsecureCerts: false, browserName: chrome, browserVersion: 112.0.5615.138, chrome: {chromedriverVersion: 112.0.5615.49 (bd2a7bcb881c..., userDataDir: C:\Users\OWNER\AppData\Loca...}, goog:chromeOptions: {debuggerAddress: localhost:50057}, networkConnectionEnabled: false, pageLoadStrategy: normal, platformName: WINDOWS, proxy: Proxy(), se:cdp: ws://localhost:50057/devtoo..., se:cdpVersion: 112.0.5615.138, setWindowRect: true, strictFileInteractability: false, timeouts: {implicit: 0, pageLoad: 300000, script: 30000}, unhandledPromptBehavior: dismiss and notify, webauthn:extension:credBlob: true, webauthn:extension:largeBlob: true, webauthn:extension:minPinLength: true, webauthn:extension:prf: true, webauthn:virtualAuthenticators: true}
Session ID: 2e50656ceafd4efb91d8f72ead06f0e7
at org.openqa.selenium.remote.codec.w3c.W3CHttpResponseCodec.createException(W3CHttpResponseCodec.java:200)
at org.openqa.selenium.remote.codec.w3c.W3CHttpResponseCodec.decode(W3CHttpResponseCodec.java:133)
at org.openqa.selenium.remote.codec.w3c.W3CHttpResponseCodec.decode(W3CHttpResponseCodec.java:53)
at org.openqa.selenium.remote.HttpCommandExecutor.execute(HttpCommandExecutor.java:184)
at org.openqa.selenium.remote.service.DriverCommandExecutor.invokeExecute(DriverCommandExecutor.java:167)
at org.openqa.selenium.remote.service.DriverCommandExecutor.execute(DriverCommandExecutor.java:142)
at org.openqa.selenium.remote.RemoteWebDriver.execute(RemoteWebDriver.java:543)
at org.openqa.selenium.remote.ElementLocation$ElementFinder$2.findElement(ElementLocation.java:162)
at org.openqa.selenium.remote.ElementLocation.findElement(ElementLocation.java:60)
at org.openqa.selenium.remote.RemoteWebDriver.findElement(RemoteWebDriver.java:352)
at org.openqa.selenium.remote.RemoteWebDriver.findElement(RemoteWebDriver.java:344)
at org.openqa.selenium.support.pagefactory.DefaultElementLocator.findElement(DefaultElementLocator.java:70)
at org.openqa.selenium.support.pagefactory.internal.LocatingElementHandler.invoke(LocatingElementHandler.java:39)
at jdk.proxy2/jdk.proxy2.$Proxy17.getText(Unknown Source)
at comfssdomainpageobjects.AdminSignInPageObjects.isCompanyNameDisplayed(AdminSignInPageObjects.java:177)
at com.master_module.MasterModuleTestScripts.verifyAdminLoginPage(MasterModuleTestScripts.java:43)
at java.base/java.util.ArrayList.forEach(ArrayList.java:1511)
... Removed 31 stack frames]]>
    </failure>
  </testcase> <!-- verifyAdminLoginPage -->
  <testcase classname="com.master_module.MasterModuleTestScripts" name="verifyAirlineCreateViewExportAsEditFilter" time="0.0">
    <skipped/>
  </testcase> <!-- verifyAirlineCreateViewExportAsEditFilter -->
  <testcase classname="com.master_module.MasterModuleTestScripts" name="verifyNavigateFunctionalityInAirlines" time="0.0">
    <skipped/>
  </testcase> <!-- verifyNavigateFunctionalityInAirlines -->
  <testcase classname="com.master_module.MasterModuleTestScripts" name="verifyBranchesCreateViewExportAsEditFilter" time="0.0">
    <skipped/>
  </testcase> <!-- verifyBranchesCreateViewExportAsEditFilter -->
  <testcase classname="com.master_module.MasterModuleTestScripts" name="verifyNavigateFunctionalityInBranches" time="0.0">
    <skipped/>
  </testcase> <!-- verifyNavigateFunctionalityInBranches -->
  <testcase classname="com.master_module.MasterModuleTestScripts" name="verifyNavigateFunctionalityInCustomer" time="0.0">
    <skipped/>
  </testcase> <!-- verifyNavigateFunctionalityInCustomer -->
  <testcase classname="com.master_module.MasterModuleTestScripts" name="verifyCustomer_Create_View_ExportAs_Edit_Filter" time="0.0">
    <skipped/>
  </testcase> <!-- verifyCustomer_Create_View_ExportAs_Edit_Filter -->
</testsuite> <!-- Master Module Test -->
